<?xml version="1.0" encoding="UTF-8"?>
<!-- Generated by org.testng.reporters.JUnitReportReporter -->
<testsuite hostname="DESKTOP-BV5BAHK" failures="0" tests="5" name="excelData.GetExcelData" time="7.109" errors="0" timestamp="2023-12-06T19:50:28 CLST" skipped="0">
  <testcase classname="excelData.GetExcelData" name="irRegistroLogin" time="2.427"/>
  <testcase classname="excelData.GetExcelData" name="irRegistroLogin" time="1.197"/>
  <testcase classname="excelData.GetExcelData" name="irRegistroLogin" time="1.258"/>
  <testcase classname="excelData.GetExcelData" name="irRegistroLogin" time="1.144"/>
  <testcase classname="excelData.GetExcelData" name="irRegistroLogin" time="1.083"/>
</testsuite> <!-- excelData.GetExcelData -->
