<?xml version="1.0" encoding="UTF-8"?>
<!-- Generated by org.testng.reporters.JUnitReportReporter -->
<testsuite hostname="DESKTOP-BV5BAHK" failures="0" tests="2" name="EduIT.Laboratorio3_Ejercicio1" time="4.490" errors="0" timestamp="2023-12-05T14:52:10 CLST" skipped="1">
  <testcase classname="EduIT.Laboratorio3_Ejercicio1" name="registrarCuenta" time="4.490"/>
  <testcase classname="EduIT.Laboratorio3_Ejercicio1" name="dummyTest">
    <skipped/>
  </testcase> <!-- dummyTest -->
</testsuite> <!-- EduIT.Laboratorio3_Ejercicio1 -->
