<?xml version="1.0" encoding="UTF-8"?>
<!-- Generated by org.testng.reporters.JUnitReportReporter -->
<testsuite hostname="DESKTOP-BV5BAHK" failures="0" tests="2" name="pruebas.CrossBrowserTest" time="16.583" errors="0" timestamp="2023-12-05T22:51:00 CLST" skipped="0">
  <testcase classname="pruebas.CrossBrowserTest" name="buscarPalabra" time="9.354"/>
  <testcase classname="pruebas.CrossBrowserTest" name="buscarPalabra" time="7.229"/>
</testsuite> <!-- pruebas.CrossBrowserTest -->
