<?xml version="1.0" encoding="UTF-8"?>
<!-- Generated by org.testng.reporters.JUnitReportReporter -->
<testsuite hostname="DESKTOP-BV5BAHK" failures="0" tests="1" name="pruebas.Laboratorio4_E1" time="0.832" errors="0" timestamp="2023-12-06T18:57:42 CLST" skipped="0">
  <testcase classname="pruebas.Laboratorio4_E1" name="irRegistroLogin" time="0.832"/>
</testsuite> <!-- pruebas.Laboratorio4_E1 -->
