<?xml version="1.0" encoding="UTF-8"?>
<!-- Generated by org.testng.reporters.JUnitReportReporter -->
<testsuite hostname="DESKTOP-BV5BAHK" failures="0" tests="1" name="pruebas.Laboratorio5_E3" time="2.086" errors="0" timestamp="2023-12-10T18:11:46 CLST" skipped="0">
  <testcase classname="pruebas.Laboratorio5_E3" name="popUp" time="2.086"/>
</testsuite> <!-- pruebas.Laboratorio5_E3 -->
